<?xml version="1.0" encoding="UTF-8"?>
<!-- Generated by org.testng.reporters.JUnitXMLReporter -->
<testsuite hostname="Gouthams-MacBook-Air.local" ignored="2" name="Default test" tests="3" failures="0" timestamp="2022-10-18T18:55:05 IST" time="25.66" errors="0">
  <testcase name="login" time="5.257" classname="tests.GithubFlow"/>
  <testcase name="createrepo" time="5.374" classname="tests.GithubFlow"/>
  <testcase name="deleterepo" time="3.768" classname="tests.GithubFlow"/>
  <testcase name="@BeforeTest setup" time="0.0" classname="com.github.base.Common">
    <ignored/>
  </testcase> <!-- @BeforeTest setup -->
  <testcase name="@AfterTest teardown" time="0.0" classname="com.github.base.Common">
    <ignored/>
  </testcase> <!-- @AfterTest teardown -->
</testsuite> <!-- Default test -->
