<?xml version="1.0" encoding="UTF-8"?>
<!-- Generated by org.testng.reporters.JUnitXMLReporter -->
<testsuite hostname="Gouthams-MacBook-Air.local" ignored="0" name="Default test" tests="3" failures="0" timestamp="2022-10-04T18:20:49 IST" time="35.956" errors="0">
  <testcase name="login" time="3.57" classname="tests.GithubFlow"/>
  <testcase name="createrepo" time="18.514" classname="tests.GithubFlow"/>
  <testcase name="deleterepo" time="3.142" classname="tests.GithubFlow"/>
</testsuite> <!-- Default test -->
