<?xml version="1.0" encoding="UTF-8"?>
<testng-results skipped="0" failed="0" ignored="2" total="5" passed="3">
  <reporter-output>
  </reporter-output>
  <suite name="Default suite" duration-ms="25660" started-at="2022-10-18T18:54:35 IST" finished-at="2022-10-18T18:55:00 IST">
    <groups>
    </groups>
    <test name="Default test" duration-ms="25660" started-at="2022-10-18T18:54:35 IST" finished-at="2022-10-18T18:55:00 IST">
      <class name="tests.GithubFlow">
        <test-method status="PASS" signature="setup()[pri:0, instance:tests.GithubFlow@5123a213]" name="setup" is-config="true" duration-ms="11133" started-at="2022-10-18T18:54:35 IST" finished-at="2022-10-18T18:54:46 IST">
          <reporter-output>
          </reporter-output>
        </test-method> <!-- setup -->
        <test-method status="PASS" signature="setObject()[pri:0, instance:tests.GithubFlow@5123a213]" name="setObject" is-config="true" duration-ms="1" started-at="2022-10-18T18:54:46 IST" finished-at="2022-10-18T18:54:46 IST">
          <reporter-output>
          </reporter-output>
        </test-method> <!-- setObject -->
        <test-method status="PASS" signature="login()[pri:1, instance:tests.GithubFlow@5123a213]" name="login" duration-ms="5257" started-at="2022-10-18T18:54:46 IST" finished-at="2022-10-18T18:54:51 IST">
          <reporter-output>
          </reporter-output>
        </test-method> <!-- login -->
        <test-method status="PASS" signature="createrepo()[pri:2, instance:tests.GithubFlow@5123a213]" name="createrepo" duration-ms="5374" started-at="2022-10-18T18:54:51 IST" finished-at="2022-10-18T18:54:56 IST">
          <reporter-output>
          </reporter-output>
        </test-method> <!-- createrepo -->
        <test-method status="PASS" signature="deleterepo()[pri:3, instance:tests.GithubFlow@5123a213]" name="deleterepo" duration-ms="3768" started-at="2022-10-18T18:54:56 IST" finished-at="2022-10-18T18:55:00 IST">
          <reporter-output>
          </reporter-output>
        </test-method> <!-- deleterepo -->
        <test-method status="PASS" signature="teardown()[pri:0, instance:tests.GithubFlow@5123a213]" name="teardown" is-config="true" duration-ms="1" started-at="2022-10-18T18:55:00 IST" finished-at="2022-10-18T18:55:00 IST">
          <reporter-output>
          </reporter-output>
        </test-method> <!-- teardown -->
      </class> <!-- tests.GithubFlow -->
    </test> <!-- Default test -->
  </suite> <!-- Default suite -->
</testng-results>
